#! /c/Source/iverilog-install/bin/vvp
:ivl_version "12.0 (devel)" "(s20150603-1539-g2693dd32b)";
:ivl_delay_selection "TYPICAL";
:vpi_time_precision + 0;
:vpi_module "C:\iverilog\lib\ivl\system.vpi";
:vpi_module "C:\iverilog\lib\ivl\vhdl_sys.vpi";
:vpi_module "C:\iverilog\lib\ivl\vhdl_textio.vpi";
:vpi_module "C:\iverilog\lib\ivl\v2005_math.vpi";
:vpi_module "C:\iverilog\lib\ivl\va_math.vpi";
S_000001eb83a9a510 .scope module, "counter" "counter" 2 7;
 .timescale 0 0;
    .port_info 0 /OUTPUT 4 "mins";
    .port_info 1 /OUTPUT 4 "tens";
    .port_info 2 /OUTPUT 4 "ones";
    .port_info 3 /OUTPUT 4 "tenths";
    .port_info 4 /OUTPUT 1 "flashTrue";
    .port_info 5 /INPUT 1 "enable";
    .port_info 6 /INPUT 1 "up";
    .port_info 7 /INPUT 1 "resetCount";
    .port_info 8 /INPUT 1 "slow_clk";
o000001eb83abf1e8 .functor BUFZ 1, C4<z>; HiZ drive
o000001eb83ac0028 .functor BUFZ 1, C4<z>; HiZ drive
L_000001eb83abc220 .functor AND 1, o000001eb83abf1e8, o000001eb83ac0028, C4<1>, C4<1>;
L_000001eb83abc300 .functor OR 1, L_000001eb83abc220, L_000001eb83abc610, C4<0>, C4<0>;
L_000001eb83abbc00 .functor OR 1, L_000001eb83abc300, L_000001eb83abbb90, C4<0>, C4<0>;
L_000001eb83abbc70 .functor AND 1, o000001eb83abf1e8, o000001eb83ac0028, C4<1>, C4<1>;
L_000001eb83abc6f0 .functor OR 1, L_000001eb83abbc70, L_000001eb83abc290, C4<0>, C4<0>;
L_000001eb83abc760 .functor OR 1, L_000001eb83abc6f0, L_000001eb83abc0d0, C4<0>, C4<0>;
L_000001eb83abbce0 .functor AND 1, o000001eb83abf1e8, o000001eb83ac0028, C4<1>, C4<1>;
L_000001eb83abc840 .functor OR 1, L_000001eb83abbce0, L_000001eb83abc920, C4<0>, C4<0>;
L_000001eb83abc8b0 .functor OR 1, L_000001eb83abc840, L_000001eb83abc680, C4<0>, C4<0>;
L_000001eb83abc990 .functor AND 1, v000001eb83b190d0_0, L_000001eb83b2d8b0, C4<1>, C4<1>;
L_000001eb83abbd50 .functor AND 1, L_000001eb83abc990, L_000001eb83b2d950, C4<1>, C4<1>;
L_000001eb83abbdc0 .functor AND 1, L_000001eb83abbd50, L_000001eb83b2e2b0, C4<1>, C4<1>;
L_000001eb83a8d110 .functor AND 1, L_000001eb83abbdc0, L_000001eb83b2e670, C4<1>, C4<1>;
o000001eb83abf2d8 .functor BUFZ 1, C4<z>; HiZ drive
L_000001eb83abc060 .functor NOT 1, o000001eb83abf2d8, C4<0>, C4<0>, C4<0>;
L_000001eb83a8d1f0 .functor AND 1, L_000001eb83a8d110, L_000001eb83abc060, C4<1>, C4<1>;
L_000001eb83aaab40 .functor AND 1, v000001eb83b17d90_0, L_000001eb83b2d090, C4<1>, C4<1>;
L_000001eb83b30770 .functor AND 1, L_000001eb83aaab40, L_000001eb83b2d590, C4<1>, C4<1>;
L_000001eb83b303f0 .functor AND 1, L_000001eb83b30770, L_000001eb83b2e3f0, C4<1>, C4<1>;
L_000001eb83b30620 .functor AND 1, L_000001eb83b303f0, L_000001eb83b2ceb0, C4<1>, C4<1>;
L_000001eb83b30460 .functor AND 1, L_000001eb83b30620, o000001eb83abf2d8, C4<1>, C4<1>;
L_000001eb83b30690 .functor OR 1, L_000001eb83a8d1f0, L_000001eb83b30460, C4<0>, C4<0>;
L_000001eb83b30a10 .functor AND 1, L_000001eb83b30690, o000001eb83ac0028, C4<1>, C4<1>;
v000001eb83b19c10_0 .net *"_ivl_1", 0 0, L_000001eb83abc220;  1 drivers
v000001eb83b18db0_0 .net *"_ivl_100", 0 0, L_000001eb83b30620;  1 drivers
v000001eb83b18d10_0 .net *"_ivl_102", 0 0, L_000001eb83b30460;  1 drivers
v000001eb83b18270_0 .net *"_ivl_104", 0 0, L_000001eb83b30690;  1 drivers
v000001eb83b18950_0 .net *"_ivl_13", 0 0, L_000001eb83abbce0;  1 drivers
v000001eb83b188b0_0 .net *"_ivl_15", 0 0, L_000001eb83abc840;  1 drivers
v000001eb83b198f0_0 .net *"_ivl_18", 31 0, L_000001eb83b2da90;  1 drivers
L_000001eb83b50508 .functor BUFT 1, C4<0000000000000000000000000000>, C4<0>, C4<0>, C4<0>;
v000001eb83b19850_0 .net *"_ivl_21", 27 0, L_000001eb83b50508;  1 drivers
L_000001eb83b50550 .functor BUFT 1, C4<00000000000000000000000000000000>, C4<0>, C4<0>, C4<0>;
v000001eb83b19ad0_0 .net/2u *"_ivl_22", 31 0, L_000001eb83b50550;  1 drivers
v000001eb83b18a90_0 .net *"_ivl_24", 0 0, L_000001eb83b2d8b0;  1 drivers
v000001eb83b19350_0 .net *"_ivl_26", 0 0, L_000001eb83abc990;  1 drivers
v000001eb83b19e90_0 .net *"_ivl_28", 31 0, L_000001eb83b2def0;  1 drivers
v000001eb83b18630_0 .net *"_ivl_3", 0 0, L_000001eb83abc300;  1 drivers
L_000001eb83b50598 .functor BUFT 1, C4<0000000000000000000000000000>, C4<0>, C4<0>, C4<0>;
v000001eb83b19990_0 .net *"_ivl_31", 27 0, L_000001eb83b50598;  1 drivers
L_000001eb83b505e0 .functor BUFT 1, C4<00000000000000000000000000000000>, C4<0>, C4<0>, C4<0>;
v000001eb83b18810_0 .net/2u *"_ivl_32", 31 0, L_000001eb83b505e0;  1 drivers
v000001eb83b18e50_0 .net *"_ivl_34", 0 0, L_000001eb83b2d950;  1 drivers
v000001eb83b18ef0_0 .net *"_ivl_36", 0 0, L_000001eb83abbd50;  1 drivers
v000001eb83b19030_0 .net *"_ivl_38", 31 0, L_000001eb83b2e030;  1 drivers
L_000001eb83b50628 .functor BUFT 1, C4<0000000000000000000000000000>, C4<0>, C4<0>, C4<0>;
v000001eb83b19490_0 .net *"_ivl_41", 27 0, L_000001eb83b50628;  1 drivers
L_000001eb83b50670 .functor BUFT 1, C4<00000000000000000000000000000000>, C4<0>, C4<0>, C4<0>;
v000001eb83b1a110_0 .net/2u *"_ivl_42", 31 0, L_000001eb83b50670;  1 drivers
v000001eb83b18590_0 .net *"_ivl_44", 0 0, L_000001eb83b2e2b0;  1 drivers
v000001eb83b19fd0_0 .net *"_ivl_46", 0 0, L_000001eb83abbdc0;  1 drivers
v000001eb83b19710_0 .net *"_ivl_48", 31 0, L_000001eb83b2db30;  1 drivers
L_000001eb83b506b8 .functor BUFT 1, C4<0000000000000000000000000000>, C4<0>, C4<0>, C4<0>;
v000001eb83b19b70_0 .net *"_ivl_51", 27 0, L_000001eb83b506b8;  1 drivers
L_000001eb83b50700 .functor BUFT 1, C4<00000000000000000000000000000000>, C4<0>, C4<0>, C4<0>;
v000001eb83b19cb0_0 .net/2u *"_ivl_52", 31 0, L_000001eb83b50700;  1 drivers
v000001eb83b1a070_0 .net *"_ivl_54", 0 0, L_000001eb83b2e670;  1 drivers
v000001eb83b18310_0 .net *"_ivl_56", 0 0, L_000001eb83a8d110;  1 drivers
v000001eb83b183b0_0 .net *"_ivl_58", 0 0, L_000001eb83abc060;  1 drivers
v000001eb83b186d0_0 .net *"_ivl_60", 0 0, L_000001eb83a8d1f0;  1 drivers
v000001eb83b18770_0 .net *"_ivl_62", 31 0, L_000001eb83b2dc70;  1 drivers
L_000001eb83b50748 .functor BUFT 1, C4<0000000000000000000000000000>, C4<0>, C4<0>, C4<0>;
v000001eb83b18b30_0 .net *"_ivl_65", 27 0, L_000001eb83b50748;  1 drivers
L_000001eb83b50790 .functor BUFT 1, C4<00000000000000000000000000001001>, C4<0>, C4<0>, C4<0>;
v000001eb83b1b5e0_0 .net/2u *"_ivl_66", 31 0, L_000001eb83b50790;  1 drivers
v000001eb83b1a3c0_0 .net *"_ivl_68", 0 0, L_000001eb83b2d090;  1 drivers
v000001eb83b1b680_0 .net *"_ivl_7", 0 0, L_000001eb83abbc70;  1 drivers
v000001eb83b1ab40_0 .net *"_ivl_70", 0 0, L_000001eb83aaab40;  1 drivers
v000001eb83b1aa00_0 .net *"_ivl_72", 31 0, L_000001eb83b2dbd0;  1 drivers
L_000001eb83b507d8 .functor BUFT 1, C4<0000000000000000000000000000>, C4<0>, C4<0>, C4<0>;
v000001eb83b1a960_0 .net *"_ivl_75", 27 0, L_000001eb83b507d8;  1 drivers
L_000001eb83b50820 .functor BUFT 1, C4<00000000000000000000000000000101>, C4<0>, C4<0>, C4<0>;
v000001eb83b1b2c0_0 .net/2u *"_ivl_76", 31 0, L_000001eb83b50820;  1 drivers
v000001eb83b1b720_0 .net *"_ivl_78", 0 0, L_000001eb83b2d590;  1 drivers
v000001eb83b1a5a0_0 .net *"_ivl_80", 0 0, L_000001eb83b30770;  1 drivers
v000001eb83b1bc20_0 .net *"_ivl_82", 31 0, L_000001eb83b2e350;  1 drivers
L_000001eb83b50868 .functor BUFT 1, C4<0000000000000000000000000000>, C4<0>, C4<0>, C4<0>;
v000001eb83b1b7c0_0 .net *"_ivl_85", 27 0, L_000001eb83b50868;  1 drivers
L_000001eb83b508b0 .functor BUFT 1, C4<00000000000000000000000000001001>, C4<0>, C4<0>, C4<0>;
v000001eb83b1b900_0 .net/2u *"_ivl_86", 31 0, L_000001eb83b508b0;  1 drivers
v000001eb83b1b360_0 .net *"_ivl_88", 0 0, L_000001eb83b2e3f0;  1 drivers
v000001eb83b1ad20_0 .net *"_ivl_9", 0 0, L_000001eb83abc6f0;  1 drivers
v000001eb83b1b9a0_0 .net *"_ivl_90", 0 0, L_000001eb83b303f0;  1 drivers
v000001eb83b1bb80_0 .net *"_ivl_92", 31 0, L_000001eb83b2e490;  1 drivers
L_000001eb83b508f8 .functor BUFT 1, C4<0000000000000000000000000000>, C4<0>, C4<0>, C4<0>;
v000001eb83b1a320_0 .net *"_ivl_95", 27 0, L_000001eb83b508f8;  1 drivers
L_000001eb83b50940 .functor BUFT 1, C4<00000000000000000000000000001001>, C4<0>, C4<0>, C4<0>;
v000001eb83b1bf40_0 .net/2u *"_ivl_96", 31 0, L_000001eb83b50940;  1 drivers
v000001eb83b1b220_0 .net *"_ivl_98", 0 0, L_000001eb83b2ceb0;  1 drivers
v000001eb83b1adc0_0 .net "enable", 0 0, o000001eb83ac0028;  0 drivers
v000001eb83b1be00_0 .net "flashTrue", 0 0, L_000001eb83b30a10;  1 drivers
v000001eb83b1b540_0 .net "mins", 3 0, v000001eb83b168f0_0;  1 drivers
v000001eb83b1b400_0 .net "minsEnable", 0 0, L_000001eb83abc8b0;  1 drivers
v000001eb83b1c080_0 .net "minsRollover", 0 0, v000001eb83b17d90_0;  1 drivers
v000001eb83b1bea0_0 .net "ones", 3 0, v000001eb83b17f70_0;  1 drivers
v000001eb83b1bfe0_0 .net "onesDwnEn", 0 0, L_000001eb83abc0d0;  1 drivers
v000001eb83b1ba40_0 .net "onesEnable", 0 0, L_000001eb83abbc00;  1 drivers
v000001eb83b1ae60_0 .net "onesUpEn", 0 0, L_000001eb83abc290;  1 drivers
v000001eb83b1a820_0 .net "resetCount", 0 0, o000001eb83abf1e8;  0 drivers
o000001eb83abf1b8 .functor BUFZ 1, C4<z>; HiZ drive
v000001eb83b1a460_0 .net "slow_clk", 0 0, o000001eb83abf1b8;  0 drivers
v000001eb83b1b4a0_0 .net "tens", 3 0, v000001eb83b179d0_0;  1 drivers
v000001eb83b1b860_0 .net "tensDwnEn", 0 0, L_000001eb83abc680;  1 drivers
v000001eb83b1bae0_0 .net "tensEnable", 0 0, L_000001eb83abc760;  1 drivers
v000001eb83b1c120_0 .net "tensUpEn", 0 0, L_000001eb83abc920;  1 drivers
v000001eb83b1bcc0_0 .net "tenths", 3 0, v000001eb83b193f0_0;  1 drivers
v000001eb83b1b0e0_0 .net "tenthsDwnEn", 0 0, L_000001eb83abbb90;  1 drivers
v000001eb83b1bd60_0 .net "tenthsRollover", 0 0, v000001eb83b190d0_0;  1 drivers
v000001eb83b1a280_0 .net "tenthsUpEn", 0 0, L_000001eb83abc610;  1 drivers
v000001eb83b1a500_0 .net "up", 0 0, o000001eb83abf2d8;  0 drivers
L_000001eb83b2da90 .concat [ 4 28 0 0], v000001eb83b168f0_0, L_000001eb83b50508;
L_000001eb83b2d8b0 .cmp/eq 32, L_000001eb83b2da90, L_000001eb83b50550;
L_000001eb83b2def0 .concat [ 4 28 0 0], v000001eb83b179d0_0, L_000001eb83b50598;
L_000001eb83b2d950 .cmp/eq 32, L_000001eb83b2def0, L_000001eb83b505e0;
L_000001eb83b2e030 .concat [ 4 28 0 0], v000001eb83b17f70_0, L_000001eb83b50628;
L_000001eb83b2e2b0 .cmp/eq 32, L_000001eb83b2e030, L_000001eb83b50670;
L_000001eb83b2db30 .concat [ 4 28 0 0], v000001eb83b193f0_0, L_000001eb83b506b8;
L_000001eb83b2e670 .cmp/eq 32, L_000001eb83b2db30, L_000001eb83b50700;
L_000001eb83b2dc70 .concat [ 4 28 0 0], v000001eb83b168f0_0, L_000001eb83b50748;
L_000001eb83b2d090 .cmp/eq 32, L_000001eb83b2dc70, L_000001eb83b50790;
L_000001eb83b2dbd0 .concat [ 4 28 0 0], v000001eb83b179d0_0, L_000001eb83b507d8;
L_000001eb83b2d590 .cmp/eq 32, L_000001eb83b2dbd0, L_000001eb83b50820;
L_000001eb83b2e350 .concat [ 4 28 0 0], v000001eb83b17f70_0, L_000001eb83b50868;
L_000001eb83b2e3f0 .cmp/eq 32, L_000001eb83b2e350, L_000001eb83b508b0;
L_000001eb83b2e490 .concat [ 4 28 0 0], v000001eb83b193f0_0, L_000001eb83b508f8;
L_000001eb83b2ceb0 .cmp/eq 32, L_000001eb83b2e490, L_000001eb83b50940;
S_000001eb83a9a6a0 .scope module, "minsCount" "count" 2 24, 3 3 0, S_000001eb83a9a510;
 .timescale 0 0;
    .port_info 0 /OUTPUT 4 "cnt";
    .port_info 1 /INPUT 1 "clk";
    .port_info 2 /INPUT 1 "clr";
    .port_info 3 /INPUT 1 "en";
    .port_info 4 /INPUT 1 "up";
    .port_info 5 /OUTPUT 1 "upen";
    .port_info 6 /OUTPUT 1 "bken";
    .port_info 7 /OUTPUT 1 "rollover";
L_000001eb83abc450 .functor AND 1, L_000001eb83b2e710, o000001eb83abf2d8, C4<1>, C4<1>;
L_000001eb83abc7d0 .functor AND 1, L_000001eb83abc450, L_000001eb83abc8b0, C4<1>, C4<1>;
L_000001eb83abc530 .functor AND 1, L_000001eb83b2cd70, L_000001eb83b2df90, C4<1>, C4<1>;
L_000001eb83abbff0 .functor AND 1, L_000001eb83abc530, L_000001eb83abc8b0, C4<1>, C4<1>;
v000001eb83aaf180_0 .net *"_ivl_0", 31 0, L_000001eb83b2d130;  1 drivers
v000001eb83aaf720_0 .net *"_ivl_12", 31 0, L_000001eb83b2e210;  1 drivers
L_000001eb83b50478 .functor BUFT 1, C4<0000000000000000000000000000>, C4<0>, C4<0>, C4<0>;
v000001eb83aaf220_0 .net *"_ivl_15", 27 0, L_000001eb83b50478;  1 drivers
L_000001eb83b504c0 .functor BUFT 1, C4<00000000000000000000000000000000>, C4<0>, C4<0>, C4<0>;
v000001eb83aaf2c0_0 .net/2u *"_ivl_16", 31 0, L_000001eb83b504c0;  1 drivers
v000001eb83aaf4a0_0 .net *"_ivl_18", 0 0, L_000001eb83b2cd70;  1 drivers
v000001eb83aaf7c0_0 .net *"_ivl_21", 0 0, L_000001eb83b2df90;  1 drivers
v000001eb83aaf860_0 .net *"_ivl_23", 0 0, L_000001eb83abc530;  1 drivers
L_000001eb83b503e8 .functor BUFT 1, C4<0000000000000000000000000000>, C4<0>, C4<0>, C4<0>;
v000001eb83aafae0_0 .net *"_ivl_3", 27 0, L_000001eb83b503e8;  1 drivers
L_000001eb83b50430 .functor BUFT 1, C4<00000000000000000000000000001001>, C4<0>, C4<0>, C4<0>;
v000001eb83a91870_0 .net/2u *"_ivl_4", 31 0, L_000001eb83b50430;  1 drivers
v000001eb83a90dd0_0 .net *"_ivl_6", 0 0, L_000001eb83b2e710;  1 drivers
v000001eb83b17750_0 .net *"_ivl_9", 0 0, L_000001eb83abc450;  1 drivers
v000001eb83b16ad0_0 .net "bken", 0 0, L_000001eb83abbff0;  1 drivers
v000001eb83b16170_0 .net "clk", 0 0, o000001eb83abf1b8;  alias, 0 drivers
v000001eb83b16cb0_0 .net "clr", 0 0, o000001eb83abf1e8;  alias, 0 drivers
v000001eb83b168f0_0 .var "cnt", 3 0;
v000001eb83b17250_0 .net "en", 0 0, L_000001eb83abc8b0;  alias, 1 drivers
v000001eb83b174d0_0 .var "ncnt", 3 0;
v000001eb83b17d90_0 .var "rollover", 0 0;
v000001eb83b17e30_0 .net "up", 0 0, o000001eb83abf2d8;  alias, 0 drivers
v000001eb83b17570_0 .net "upen", 0 0, L_000001eb83abc7d0;  1 drivers
E_000001eb83ab43e0 .event anyedge, v000001eb83b17e30_0, v000001eb83b168f0_0;
E_000001eb83ab4360 .event posedge, v000001eb83b16170_0;
L_000001eb83b2d130 .concat [ 4 28 0 0], v000001eb83b168f0_0, L_000001eb83b503e8;
L_000001eb83b2e710 .cmp/eq 32, L_000001eb83b2d130, L_000001eb83b50430;
L_000001eb83b2e210 .concat [ 4 28 0 0], v000001eb83b168f0_0, L_000001eb83b50478;
L_000001eb83b2cd70 .cmp/eq 32, L_000001eb83b2e210, L_000001eb83b504c0;
L_000001eb83b2df90 .reduce/nor o000001eb83abf2d8;
S_000001eb83a46460 .scope module, "onesCount" "count" 2 22, 3 3 0, S_000001eb83a9a510;
 .timescale 0 0;
    .port_info 0 /OUTPUT 4 "cnt";
    .port_info 1 /INPUT 1 "clk";
    .port_info 2 /INPUT 1 "clr";
    .port_info 3 /INPUT 1 "en";
    .port_info 4 /INPUT 1 "up";
    .port_info 5 /OUTPUT 1 "upen";
    .port_info 6 /OUTPUT 1 "bken";
    .port_info 7 /OUTPUT 1 "rollover";
L_000001eb83abbea0 .functor AND 1, L_000001eb83b1ac80, o000001eb83abf2d8, C4<1>, C4<1>;
L_000001eb83abc290 .functor AND 1, L_000001eb83abbea0, L_000001eb83abbc00, C4<1>, C4<1>;
L_000001eb83abc3e0 .functor AND 1, L_000001eb83b1afa0, L_000001eb83b1b040, C4<1>, C4<1>;
L_000001eb83abc0d0 .functor AND 1, L_000001eb83abc3e0, L_000001eb83abbc00, C4<1>, C4<1>;
v000001eb83b17b10_0 .net *"_ivl_0", 31 0, L_000001eb83b1abe0;  1 drivers
v000001eb83b16df0_0 .net *"_ivl_12", 31 0, L_000001eb83b1af00;  1 drivers
L_000001eb83b50238 .functor BUFT 1, C4<0000000000000000000000000000>, C4<0>, C4<0>, C4<0>;
v000001eb83b17070_0 .net *"_ivl_15", 27 0, L_000001eb83b50238;  1 drivers
L_000001eb83b50280 .functor BUFT 1, C4<00000000000000000000000000000000>, C4<0>, C4<0>, C4<0>;
v000001eb83b16670_0 .net/2u *"_ivl_16", 31 0, L_000001eb83b50280;  1 drivers
v000001eb83b176b0_0 .net *"_ivl_18", 0 0, L_000001eb83b1afa0;  1 drivers
v000001eb83b17c50_0 .net *"_ivl_21", 0 0, L_000001eb83b1b040;  1 drivers
v000001eb83b167b0_0 .net *"_ivl_23", 0 0, L_000001eb83abc3e0;  1 drivers
L_000001eb83b501a8 .functor BUFT 1, C4<0000000000000000000000000000>, C4<0>, C4<0>, C4<0>;
v000001eb83b17ed0_0 .net *"_ivl_3", 27 0, L_000001eb83b501a8;  1 drivers
L_000001eb83b501f0 .functor BUFT 1, C4<00000000000000000000000000001001>, C4<0>, C4<0>, C4<0>;
v000001eb83b16d50_0 .net/2u *"_ivl_4", 31 0, L_000001eb83b501f0;  1 drivers
v000001eb83b17bb0_0 .net *"_ivl_6", 0 0, L_000001eb83b1ac80;  1 drivers
v000001eb83b16e90_0 .net *"_ivl_9", 0 0, L_000001eb83abbea0;  1 drivers
v000001eb83b17cf0_0 .net "bken", 0 0, L_000001eb83abc0d0;  alias, 1 drivers
v000001eb83b17390_0 .net "clk", 0 0, o000001eb83abf1b8;  alias, 0 drivers
v000001eb83b17610_0 .net "clr", 0 0, o000001eb83abf1e8;  alias, 0 drivers
v000001eb83b17f70_0 .var "cnt", 3 0;
v000001eb83b172f0_0 .net "en", 0 0, L_000001eb83abbc00;  alias, 1 drivers
v000001eb83b16f30_0 .var "ncnt", 3 0;
v000001eb83b177f0_0 .var "rollover", 0 0;
v000001eb83b160d0_0 .net "up", 0 0, o000001eb83abf2d8;  alias, 0 drivers
v000001eb83b17430_0 .net "upen", 0 0, L_000001eb83abc290;  alias, 1 drivers
E_000001eb83ab50e0 .event anyedge, v000001eb83b17e30_0, v000001eb83b17f70_0;
L_000001eb83b1abe0 .concat [ 4 28 0 0], v000001eb83b17f70_0, L_000001eb83b501a8;
L_000001eb83b1ac80 .cmp/eq 32, L_000001eb83b1abe0, L_000001eb83b501f0;
L_000001eb83b1af00 .concat [ 4 28 0 0], v000001eb83b17f70_0, L_000001eb83b50238;
L_000001eb83b1afa0 .cmp/eq 32, L_000001eb83b1af00, L_000001eb83b50280;
L_000001eb83b1b040 .reduce/nor o000001eb83abf2d8;
S_000001eb83a465f0 .scope module, "tensCount" "count5" 2 23, 4 2 0, S_000001eb83a9a510;
 .timescale 0 0;
    .port_info 0 /OUTPUT 4 "cnt";
    .port_info 1 /INPUT 1 "clk";
    .port_info 2 /INPUT 1 "clr";
    .port_info 3 /INPUT 1 "en";
    .port_info 4 /INPUT 1 "up";
    .port_info 5 /OUTPUT 1 "upen";
    .port_info 6 /OUTPUT 1 "bken";
L_000001eb83abc5a0 .functor AND 1, L_000001eb83b2e0d0, o000001eb83abf2d8, C4<1>, C4<1>;
L_000001eb83abc920 .functor AND 1, L_000001eb83abc5a0, L_000001eb83abc760, C4<1>, C4<1>;
L_000001eb83abbf80 .functor AND 1, L_000001eb83b2ddb0, L_000001eb83b2e170, C4<1>, C4<1>;
L_000001eb83abc680 .functor AND 1, L_000001eb83abbf80, L_000001eb83abc760, C4<1>, C4<1>;
v000001eb83b16490_0 .net *"_ivl_0", 31 0, L_000001eb83b1b180;  1 drivers
v000001eb83b16210_0 .net *"_ivl_12", 31 0, L_000001eb83b2d9f0;  1 drivers
L_000001eb83b50358 .functor BUFT 1, C4<0000000000000000000000000000>, C4<0>, C4<0>, C4<0>;
v000001eb83b16850_0 .net *"_ivl_15", 27 0, L_000001eb83b50358;  1 drivers
L_000001eb83b503a0 .functor BUFT 1, C4<00000000000000000000000000000000>, C4<0>, C4<0>, C4<0>;
v000001eb83b162b0_0 .net/2u *"_ivl_16", 31 0, L_000001eb83b503a0;  1 drivers
v000001eb83b16530_0 .net *"_ivl_18", 0 0, L_000001eb83b2ddb0;  1 drivers
v000001eb83b165d0_0 .net *"_ivl_21", 0 0, L_000001eb83b2e170;  1 drivers
v000001eb83b17110_0 .net *"_ivl_23", 0 0, L_000001eb83abbf80;  1 drivers
L_000001eb83b502c8 .functor BUFT 1, C4<0000000000000000000000000000>, C4<0>, C4<0>, C4<0>;
v000001eb83b16350_0 .net *"_ivl_3", 27 0, L_000001eb83b502c8;  1 drivers
L_000001eb83b50310 .functor BUFT 1, C4<00000000000000000000000000000101>, C4<0>, C4<0>, C4<0>;
v000001eb83b17890_0 .net/2u *"_ivl_4", 31 0, L_000001eb83b50310;  1 drivers
v000001eb83b16990_0 .net *"_ivl_6", 0 0, L_000001eb83b2e0d0;  1 drivers
v000001eb83b163f0_0 .net *"_ivl_9", 0 0, L_000001eb83abc5a0;  1 drivers
v000001eb83b16710_0 .net "bken", 0 0, L_000001eb83abc680;  alias, 1 drivers
v000001eb83b17930_0 .net "clk", 0 0, o000001eb83abf1b8;  alias, 0 drivers
v000001eb83b16a30_0 .net "clr", 0 0, o000001eb83abf1e8;  alias, 0 drivers
v000001eb83b179d0_0 .var "cnt", 3 0;
v000001eb83b16b70_0 .net "en", 0 0, L_000001eb83abc760;  alias, 1 drivers
v000001eb83b16fd0_0 .var "ncnt", 3 0;
v000001eb83b171b0_0 .net "up", 0 0, o000001eb83abf2d8;  alias, 0 drivers
v000001eb83b16c10_0 .net "upen", 0 0, L_000001eb83abc920;  alias, 1 drivers
E_000001eb83ab4420 .event anyedge, v000001eb83b17e30_0, v000001eb83b179d0_0;
L_000001eb83b1b180 .concat [ 4 28 0 0], v000001eb83b179d0_0, L_000001eb83b502c8;
L_000001eb83b2e0d0 .cmp/eq 32, L_000001eb83b1b180, L_000001eb83b50310;
L_000001eb83b2d9f0 .concat [ 4 28 0 0], v000001eb83b179d0_0, L_000001eb83b50358;
L_000001eb83b2ddb0 .cmp/eq 32, L_000001eb83b2d9f0, L_000001eb83b503a0;
L_000001eb83b2e170 .reduce/nor o000001eb83abf2d8;
S_000001eb83b18090 .scope module, "tenthsCount" "count" 2 21, 3 3 0, S_000001eb83a9a510;
 .timescale 0 0;
    .port_info 0 /OUTPUT 4 "cnt";
    .port_info 1 /INPUT 1 "clk";
    .port_info 2 /INPUT 1 "clr";
    .port_info 3 /INPUT 1 "en";
    .port_info 4 /INPUT 1 "up";
    .port_info 5 /OUTPUT 1 "upen";
    .port_info 6 /OUTPUT 1 "bken";
    .port_info 7 /OUTPUT 1 "rollover";
L_000001eb83abc4c0 .functor AND 1, L_000001eb83b1a6e0, o000001eb83abf2d8, C4<1>, C4<1>;
L_000001eb83abc610 .functor AND 1, L_000001eb83abc4c0, o000001eb83ac0028, C4<1>, C4<1>;
L_000001eb83abc1b0 .functor AND 1, L_000001eb83b1a8c0, L_000001eb83b1aaa0, C4<1>, C4<1>;
L_000001eb83abbb90 .functor AND 1, L_000001eb83abc1b0, o000001eb83ac0028, C4<1>, C4<1>;
v000001eb83b17a70_0 .net *"_ivl_0", 31 0, L_000001eb83b1a640;  1 drivers
v000001eb83b189f0_0 .net *"_ivl_12", 31 0, L_000001eb83b1a780;  1 drivers
L_000001eb83b50118 .functor BUFT 1, C4<0000000000000000000000000000>, C4<0>, C4<0>, C4<0>;
v000001eb83b19210_0 .net *"_ivl_15", 27 0, L_000001eb83b50118;  1 drivers
L_000001eb83b50160 .functor BUFT 1, C4<00000000000000000000000000000000>, C4<0>, C4<0>, C4<0>;
v000001eb83b18f90_0 .net/2u *"_ivl_16", 31 0, L_000001eb83b50160;  1 drivers
v000001eb83b184f0_0 .net *"_ivl_18", 0 0, L_000001eb83b1a8c0;  1 drivers
v000001eb83b19f30_0 .net *"_ivl_21", 0 0, L_000001eb83b1aaa0;  1 drivers
v000001eb83b18450_0 .net *"_ivl_23", 0 0, L_000001eb83abc1b0;  1 drivers
L_000001eb83b50088 .functor BUFT 1, C4<0000000000000000000000000000>, C4<0>, C4<0>, C4<0>;
v000001eb83b192b0_0 .net *"_ivl_3", 27 0, L_000001eb83b50088;  1 drivers
L_000001eb83b500d0 .functor BUFT 1, C4<00000000000000000000000000001001>, C4<0>, C4<0>, C4<0>;
v000001eb83b19530_0 .net/2u *"_ivl_4", 31 0, L_000001eb83b500d0;  1 drivers
v000001eb83b19d50_0 .net *"_ivl_6", 0 0, L_000001eb83b1a6e0;  1 drivers
v000001eb83b19170_0 .net *"_ivl_9", 0 0, L_000001eb83abc4c0;  1 drivers
v000001eb83b19a30_0 .net "bken", 0 0, L_000001eb83abbb90;  alias, 1 drivers
v000001eb83b195d0_0 .net "clk", 0 0, o000001eb83abf1b8;  alias, 0 drivers
v000001eb83b197b0_0 .net "clr", 0 0, o000001eb83abf1e8;  alias, 0 drivers
v000001eb83b193f0_0 .var "cnt", 3 0;
v000001eb83b19df0_0 .net "en", 0 0, o000001eb83ac0028;  alias, 0 drivers
v000001eb83b19670_0 .var "ncnt", 3 0;
v000001eb83b190d0_0 .var "rollover", 0 0;
v000001eb83b18bd0_0 .net "up", 0 0, o000001eb83abf2d8;  alias, 0 drivers
v000001eb83b18c70_0 .net "upen", 0 0, L_000001eb83abc610;  alias, 1 drivers
E_000001eb83ab4fa0 .event anyedge, v000001eb83b17e30_0, v000001eb83b193f0_0;
L_000001eb83b1a640 .concat [ 4 28 0 0], v000001eb83b193f0_0, L_000001eb83b50088;
L_000001eb83b1a6e0 .cmp/eq 32, L_000001eb83b1a640, L_000001eb83b500d0;
L_000001eb83b1a780 .concat [ 4 28 0 0], v000001eb83b193f0_0, L_000001eb83b50118;
L_000001eb83b1a8c0 .cmp/eq 32, L_000001eb83b1a780, L_000001eb83b50160;
L_000001eb83b1aaa0 .reduce/nor o000001eb83abf2d8;
    .scope S_000001eb83b18090;
T_0 ;
    %wait E_000001eb83ab4360;
    %load/vec4 v000001eb83b19df0_0;
    %flag_set/vec4 8;
    %jmp/0xz  T_0.0, 8;
    %load/vec4 v000001eb83b197b0_0;
    %flag_set/vec4 8;
    %jmp/0xz  T_0.2, 8;
    %pushi/vec4 0, 0, 4;
    %assign/vec4 v000001eb83b193f0_0, 0;
    %jmp T_0.3;
T_0.2 ;
    %load/vec4 v000001eb83b19670_0;
    %assign/vec4 v000001eb83b193f0_0, 0;
T_0.3 ;
    %jmp T_0.1;
T_0.0 ;
    %load/vec4 v000001eb83b193f0_0;
    %assign/vec4 v000001eb83b193f0_0, 0;
T_0.1 ;
    %jmp T_0;
    .thread T_0;
    .scope S_000001eb83b18090;
T_1 ;
    %wait E_000001eb83ab4fa0;
    %load/vec4 v000001eb83b18bd0_0;
    %flag_set/vec4 8;
    %jmp/0xz  T_1.0, 8;
    %load/vec4 v000001eb83b193f0_0;
    %pad/u 32;
    %cmpi/e 9, 0, 32;
    %flag_mov 8, 4;
    %jmp/0 T_1.2, 8;
    %pushi/vec4 1, 0, 1;
    %jmp/1 T_1.3, 8;
T_1.2 ; End of true expr.
    %pushi/vec4 0, 0, 1;
    %jmp/0 T_1.3, 8;
 ; End of false expr.
    %blend;
T_1.3;
    %store/vec4 v000001eb83b190d0_0, 0, 1;
    %load/vec4 v000001eb83b193f0_0;
    %pad/u 32;
    %cmpi/e 9, 0, 32;
    %flag_mov 8, 4;
    %jmp/0 T_1.4, 8;
    %pushi/vec4 0, 0, 4;
    %jmp/1 T_1.5, 8;
T_1.4 ; End of true expr.
    %load/vec4 v000001eb83b193f0_0;
    %addi 1, 0, 4;
    %jmp/0 T_1.5, 8;
 ; End of false expr.
    %blend;
T_1.5;
    %store/vec4 v000001eb83b19670_0, 0, 4;
    %jmp T_1.1;
T_1.0 ;
    %load/vec4 v000001eb83b193f0_0;
    %pad/u 32;
    %cmpi/e 0, 0, 32;
    %flag_mov 8, 4;
    %jmp/0 T_1.6, 8;
    %pushi/vec4 1, 0, 1;
    %jmp/1 T_1.7, 8;
T_1.6 ; End of true expr.
    %pushi/vec4 0, 0, 1;
    %jmp/0 T_1.7, 8;
 ; End of false expr.
    %blend;
T_1.7;
    %store/vec4 v000001eb83b190d0_0, 0, 1;
    %load/vec4 v000001eb83b193f0_0;
    %pad/u 32;
    %cmpi/e 0, 0, 32;
    %flag_mov 8, 4;
    %jmp/0 T_1.8, 8;
    %pushi/vec4 9, 0, 5;
    %jmp/1 T_1.9, 8;
T_1.8 ; End of true expr.
    %load/vec4 v000001eb83b193f0_0;
    %pad/u 5;
    %subi 1, 0, 5;
    %jmp/0 T_1.9, 8;
 ; End of false expr.
    %blend;
T_1.9;
    %pad/u 4;
    %store/vec4 v000001eb83b19670_0, 0, 4;
T_1.1 ;
    %jmp T_1;
    .thread T_1, $push;
    .scope S_000001eb83a46460;
T_2 ;
    %wait E_000001eb83ab4360;
    %load/vec4 v000001eb83b172f0_0;
    %flag_set/vec4 8;
    %jmp/0xz  T_2.0, 8;
    %load/vec4 v000001eb83b17610_0;
    %flag_set/vec4 8;
    %jmp/0xz  T_2.2, 8;
    %pushi/vec4 0, 0, 4;
    %assign/vec4 v000001eb83b17f70_0, 0;
    %jmp T_2.3;
T_2.2 ;
    %load/vec4 v000001eb83b16f30_0;
    %assign/vec4 v000001eb83b17f70_0, 0;
T_2.3 ;
    %jmp T_2.1;
T_2.0 ;
    %load/vec4 v000001eb83b17f70_0;
    %assign/vec4 v000001eb83b17f70_0, 0;
T_2.1 ;
    %jmp T_2;
    .thread T_2;
    .scope S_000001eb83a46460;
T_3 ;
    %wait E_000001eb83ab50e0;
    %load/vec4 v000001eb83b160d0_0;
    %flag_set/vec4 8;
    %jmp/0xz  T_3.0, 8;
    %load/vec4 v000001eb83b17f70_0;
    %pad/u 32;
    %cmpi/e 9, 0, 32;
    %flag_mov 8, 4;
    %jmp/0 T_3.2, 8;
    %pushi/vec4 1, 0, 1;
    %jmp/1 T_3.3, 8;
T_3.2 ; End of true expr.
    %pushi/vec4 0, 0, 1;
    %jmp/0 T_3.3, 8;
 ; End of false expr.
    %blend;
T_3.3;
    %store/vec4 v000001eb83b177f0_0, 0, 1;
    %load/vec4 v000001eb83b17f70_0;
    %pad/u 32;
    %cmpi/e 9, 0, 32;
    %flag_mov 8, 4;
    %jmp/0 T_3.4, 8;
    %pushi/vec4 0, 0, 4;
    %jmp/1 T_3.5, 8;
T_3.4 ; End of true expr.
    %load/vec4 v000001eb83b17f70_0;
    %addi 1, 0, 4;
    %jmp/0 T_3.5, 8;
 ; End of false expr.
    %blend;
T_3.5;
    %store/vec4 v000001eb83b16f30_0, 0, 4;
    %jmp T_3.1;
T_3.0 ;
    %load/vec4 v000001eb83b17f70_0;
    %pad/u 32;
    %cmpi/e 0, 0, 32;
    %flag_mov 8, 4;
    %jmp/0 T_3.6, 8;
    %pushi/vec4 1, 0, 1;
    %jmp/1 T_3.7, 8;
T_3.6 ; End of true expr.
    %pushi/vec4 0, 0, 1;
    %jmp/0 T_3.7, 8;
 ; End of false expr.
    %blend;
T_3.7;
    %store/vec4 v000001eb83b177f0_0, 0, 1;
    %load/vec4 v000001eb83b17f70_0;
    %pad/u 32;
    %cmpi/e 0, 0, 32;
    %flag_mov 8, 4;
    %jmp/0 T_3.8, 8;
    %pushi/vec4 9, 0, 5;
    %jmp/1 T_3.9, 8;
T_3.8 ; End of true expr.
    %load/vec4 v000001eb83b17f70_0;
    %pad/u 5;
    %subi 1, 0, 5;
    %jmp/0 T_3.9, 8;
 ; End of false expr.
    %blend;
T_3.9;
    %pad/u 4;
    %store/vec4 v000001eb83b16f30_0, 0, 4;
T_3.1 ;
    %jmp T_3;
    .thread T_3, $push;
    .scope S_000001eb83a465f0;
T_4 ;
    %wait E_000001eb83ab4360;
    %load/vec4 v000001eb83b16b70_0;
    %flag_set/vec4 8;
    %jmp/0xz  T_4.0, 8;
    %load/vec4 v000001eb83b16a30_0;
    %flag_set/vec4 8;
    %jmp/0xz  T_4.2, 8;
    %pushi/vec4 0, 0, 4;
    %assign/vec4 v000001eb83b179d0_0, 0;
    %jmp T_4.3;
T_4.2 ;
    %load/vec4 v000001eb83b16fd0_0;
    %assign/vec4 v000001eb83b179d0_0, 0;
T_4.3 ;
    %jmp T_4.1;
T_4.0 ;
    %load/vec4 v000001eb83b179d0_0;
    %assign/vec4 v000001eb83b179d0_0, 0;
T_4.1 ;
    %jmp T_4;
    .thread T_4;
    .scope S_000001eb83a465f0;
T_5 ;
    %wait E_000001eb83ab4420;
    %load/vec4 v000001eb83b171b0_0;
    %flag_set/vec4 8;
    %jmp/0xz  T_5.0, 8;
    %load/vec4 v000001eb83b179d0_0;
    %pad/u 32;
    %cmpi/e 5, 0, 32;
    %flag_mov 8, 4;
    %jmp/0 T_5.2, 8;
    %pushi/vec4 0, 0, 4;
    %jmp/1 T_5.3, 8;
T_5.2 ; End of true expr.
    %load/vec4 v000001eb83b179d0_0;
    %addi 1, 0, 4;
    %jmp/0 T_5.3, 8;
 ; End of false expr.
    %blend;
T_5.3;
    %store/vec4 v000001eb83b16fd0_0, 0, 4;
    %jmp T_5.1;
T_5.0 ;
    %load/vec4 v000001eb83b179d0_0;
    %pad/u 32;
    %cmpi/e 0, 0, 32;
    %flag_mov 8, 4;
    %jmp/0 T_5.4, 8;
    %pushi/vec4 5, 0, 4;
    %jmp/1 T_5.5, 8;
T_5.4 ; End of true expr.
    %load/vec4 v000001eb83b179d0_0;
    %subi 1, 0, 4;
    %jmp/0 T_5.5, 8;
 ; End of false expr.
    %blend;
T_5.5;
    %store/vec4 v000001eb83b16fd0_0, 0, 4;
T_5.1 ;
    %jmp T_5;
    .thread T_5, $push;
    .scope S_000001eb83a9a6a0;
T_6 ;
    %wait E_000001eb83ab4360;
    %load/vec4 v000001eb83b17250_0;
    %flag_set/vec4 8;
    %jmp/0xz  T_6.0, 8;
    %load/vec4 v000001eb83b16cb0_0;
    %flag_set/vec4 8;
    %jmp/0xz  T_6.2, 8;
    %pushi/vec4 0, 0, 4;
    %assign/vec4 v000001eb83b168f0_0, 0;
    %jmp T_6.3;
T_6.2 ;
    %load/vec4 v000001eb83b174d0_0;
    %assign/vec4 v000001eb83b168f0_0, 0;
T_6.3 ;
    %jmp T_6.1;
T_6.0 ;
    %load/vec4 v000001eb83b168f0_0;
    %assign/vec4 v000001eb83b168f0_0, 0;
T_6.1 ;
    %jmp T_6;
    .thread T_6;
    .scope S_000001eb83a9a6a0;
T_7 ;
    %wait E_000001eb83ab43e0;
    %load/vec4 v000001eb83b17e30_0;
    %flag_set/vec4 8;
    %jmp/0xz  T_7.0, 8;
    %load/vec4 v000001eb83b168f0_0;
    %pad/u 32;
    %cmpi/e 9, 0, 32;
    %flag_mov 8, 4;
    %jmp/0 T_7.2, 8;
    %pushi/vec4 1, 0, 1;
    %jmp/1 T_7.3, 8;
T_7.2 ; End of true expr.
    %pushi/vec4 0, 0, 1;
    %jmp/0 T_7.3, 8;
 ; End of false expr.
    %blend;
T_7.3;
    %store/vec4 v000001eb83b17d90_0, 0, 1;
    %load/vec4 v000001eb83b168f0_0;
    %pad/u 32;
    %cmpi/e 9, 0, 32;
    %flag_mov 8, 4;
    %jmp/0 T_7.4, 8;
    %pushi/vec4 0, 0, 4;
    %jmp/1 T_7.5, 8;
T_7.4 ; End of true expr.
    %load/vec4 v000001eb83b168f0_0;
    %addi 1, 0, 4;
    %jmp/0 T_7.5, 8;
 ; End of false expr.
    %blend;
T_7.5;
    %store/vec4 v000001eb83b174d0_0, 0, 4;
    %jmp T_7.1;
T_7.0 ;
    %load/vec4 v000001eb83b168f0_0;
    %pad/u 32;
    %cmpi/e 0, 0, 32;
    %flag_mov 8, 4;
    %jmp/0 T_7.6, 8;
    %pushi/vec4 1, 0, 1;
    %jmp/1 T_7.7, 8;
T_7.6 ; End of true expr.
    %pushi/vec4 0, 0, 1;
    %jmp/0 T_7.7, 8;
 ; End of false expr.
    %blend;
T_7.7;
    %store/vec4 v000001eb83b17d90_0, 0, 1;
    %load/vec4 v000001eb83b168f0_0;
    %pad/u 32;
    %cmpi/e 0, 0, 32;
    %flag_mov 8, 4;
    %jmp/0 T_7.8, 8;
    %pushi/vec4 9, 0, 5;
    %jmp/1 T_7.9, 8;
T_7.8 ; End of true expr.
    %load/vec4 v000001eb83b168f0_0;
    %pad/u 5;
    %subi 1, 0, 5;
    %jmp/0 T_7.9, 8;
 ; End of false expr.
    %blend;
T_7.9;
    %pad/u 4;
    %store/vec4 v000001eb83b174d0_0, 0, 4;
T_7.1 ;
    %jmp T_7;
    .thread T_7, $push;
# The file index is used to find the file name in the following table.
:file_names 5;
    "N/A";
    "<interactive>";
    "counter.v";
    "count.v";
    "count5.v";
